This is pdfTeX, Version 3.14159265-2.6-1.40.21 (MiKTeX 20.6.29) (preloaded format=pdflatex 2020.10.1)  1 JUL 2023 17:24
entering extended mode
**"c:/Users/matej/OneDrive/Namizje/projekt mm/porocilo/porocilo.tex"
("c:/Users/matej/OneDrive/Namizje/projekt mm/porocilo/porocilo.tex"
LaTeX2e <2020-02-02> patch level 5
L3 programming layer <2020-06-18> ("C:\Program Files\MiKTeX\tex/latex/base\article.cls"
Document Class: article 2019/12/20 v1.4l Standard LaTeX document class
("C:\Program Files\MiKTeX\tex/latex/base\size10.clo"
File: size10.clo 2019/12/20 v1.4l Standard LaTeX file (size option)
)
\c@part=\count167
\c@section=\count168
\c@subsection=\count169
\c@subsubsection=\count170
\c@paragraph=\count171
\c@subparagraph=\count172
\c@figure=\count173
\c@table=\count174
\abovecaptionskip=\skip47
\belowcaptionskip=\skip48
\bibindent=\dimen134
) ("C:\Program Files\MiKTeX\tex/latex/base\inputenc.sty"
Package: inputenc 2018/08/11 v1.3c Input encoding file
\inpenc@prehook=\toks15
\inpenc@posthook=\toks16
) ("C:\Program Files\MiKTeX\tex/latex/base\fontenc.sty"
Package: fontenc 2020/02/11 v2.0o Standard LaTeX package
) ("C:\Program Files\MiKTeX\tex/generic/babel\babel.sty"
Package: babel 2020/06/10 3.45 The Babel package
 ("C:\Program Files\MiKTeX\tex/generic/babel\babel.def"
File: babel.def 2020/06/10 3.45 Babel common definitions
\babel@savecnt=\count175
\U@D=\dimen135
\l@babelnohyphens=\language79
 ("C:\Program Files\MiKTeX\tex/generic/babel\txtbabel.def")
\bbl@readstream=\read2
)
\bbl@dirlevel=\count176

*************************************
* Local config file bblopts.cfg used
*
("C:\Program Files\MiKTeX\tex/latex/arabi\bblopts.cfg"
File: bblopts.cfg 2005/09/08 v0.1 add Arabic and Farsi to "declared" options of babel
) ("C:\Program Files\MiKTeX\tex/latex/babel-slovenian\slovene.ldf"
Language: slovene 2005/03/31 v1.2m Slovene support from the babel system
Package babel Info: Making " an active character on input line 79.
)) ("C:\Program Files\MiKTeX\tex/latex/enumitem\enumitem.sty"
Package: enumitem 2019/06/20 v3.9 Customized lists
\enitkv@toks@=\toks17
\labelindent=\skip49
\enit@outerparindent=\dimen136
\enit@toks=\toks18
\enit@inbox=\box45
\enit@count@id=\count177
\enitdp@description=\count178
) ("C:\Program Files\MiKTeX\tex/latex/hyperref\hyperref.sty"
Package: hyperref 2020-05-15 v7.00e Hypertext links for LaTeX
 ("C:\Program Files\MiKTeX\tex/generic/ltxcmds\ltxcmds.sty"
Package: ltxcmds 2020-05-10 v1.25 LaTeX kernel commands for general use (HO)
) ("C:\Program Files\MiKTeX\tex/generic/iftex\iftex.sty"
Package: iftex 2020/03/06 v1.0d TeX engine tests
) ("C:\Program Files\MiKTeX\tex/generic/pdftexcmds\pdftexcmds.sty"
Package: pdftexcmds 2020-06-27 v0.33 Utility functions of pdfTeX for LuaTeX (HO)
 ("C:\Program Files\MiKTeX\tex/generic/infwarerr\infwarerr.sty"
Package: infwarerr 2019/12/03 v1.5 Providing info/warning/error messages (HO)
)
Package pdftexcmds Info: \pdf@primitive is available.
Package pdftexcmds Info: \pdf@ifprimitive is available.
Package pdftexcmds Info: \pdfdraftmode found.
) ("C:\Program Files\MiKTeX\tex/latex/graphics\keyval.sty"
Package: keyval 2014/10/28 v1.15 key=value parser (DPC)
\KV@toks@=\toks19
) ("C:\Program Files\MiKTeX\tex/generic/kvsetkeys\kvsetkeys.sty"
Package: kvsetkeys 2019/12/15 v1.18 Key value parser (HO)
) ("C:\Program Files\MiKTeX\tex/generic/kvdefinekeys\kvdefinekeys.sty"
Package: kvdefinekeys 2019-12-19 v1.6 Define keys (HO)
) ("C:\Program Files\MiKTeX\tex/generic/pdfescape\pdfescape.sty"
Package: pdfescape 2019/12/09 v1.15 Implements pdfTeX's escape features (HO)
) ("C:\Program Files\MiKTeX\tex/latex/hycolor\hycolor.sty"
Package: hycolor 2020-01-27 v1.10 Color options for hyperref/bookmark (HO)
) ("C:\Program Files\MiKTeX\tex/latex/letltxmacro\letltxmacro.sty"
Package: letltxmacro 2019/12/03 v1.6 Let assignment for LaTeX macros (HO)
) ("C:\Program Files\MiKTeX\tex/latex/auxhook\auxhook.sty"
Package: auxhook 2019-12-17 v1.6 Hooks for auxiliary files (HO)
) ("C:\Program Files\MiKTeX\tex/latex/kvoptions\kvoptions.sty"
Package: kvoptions 2019/11/29 v3.13 Key value format for package options (HO)
)
\@linkdim=\dimen137
\Hy@linkcounter=\count179
\Hy@pagecounter=\count180
 ("C:\Program Files\MiKTeX\tex/latex/hyperref\pd1enc.def"
File: pd1enc.def 2020-05-15 v7.00e Hyperref: PDFDocEncoding definition (HO)
Now handling font encoding PD1 ...
... no UTF-8 mapping file for font encoding PD1
) ("C:\Program Files\MiKTeX\tex/generic/intcalc\intcalc.sty"
Package: intcalc 2019/12/15 v1.3 Expandable calculations with integers (HO)
) ("C:\Program Files\MiKTeX\tex/generic/etexcmds\etexcmds.sty"
Package: etexcmds 2019/12/15 v1.7 Avoid name clashes with e-TeX commands (HO)
)
\Hy@SavedSpaceFactor=\count181
Package hyperref Info: Hyper figures OFF on input line 4464.
Package hyperref Info: Link nesting OFF on input line 4469.
Package hyperref Info: Hyper index ON on input line 4472.
Package hyperref Info: Plain pages OFF on input line 4479.
Package hyperref Info: Backreferencing OFF on input line 4484.
Package hyperref Info: Implicit mode ON; LaTeX internals redefined.
Package hyperref Info: Bookmarks ON on input line 4717.
\c@Hy@tempcnt=\count182
 ("C:\Program Files\MiKTeX\tex/latex/url\url.sty"
\Urlmuskip=\muskip16
Package: url 2013/09/16  ver 3.4  Verb mode for urls, etc.
)
LaTeX Info: Redefining \url on input line 5076.
\XeTeXLinkMargin=\dimen138
 ("C:\Program Files\MiKTeX\tex/generic/bitset\bitset.sty"
Package: bitset 2019/12/09 v1.3 Handle bit-vector datatype (HO)
 ("C:\Program Files\MiKTeX\tex/generic/bigintcalc\bigintcalc.sty"
Package: bigintcalc 2019/12/15 v1.5 Expandable calculations on big integers (HO)
))
\Fld@menulength=\count183
\Field@Width=\dimen139
\Fld@charsize=\dimen140
Package hyperref Info: Hyper figures OFF on input line 6347.
Package hyperref Info: Link nesting OFF on input line 6352.
Package hyperref Info: Hyper index ON on input line 6355.
Package hyperref Info: backreferencing OFF on input line 6362.
Package hyperref Info: Link coloring OFF on input line 6367.
Package hyperref Info: Link coloring with OCG OFF on input line 6372.
Package hyperref Info: PDF/A mode OFF on input line 6377.
LaTeX Info: Redefining \ref on input line 6417.
LaTeX Info: Redefining \pageref on input line 6421.
 ("C:\Program Files\MiKTeX\tex/generic/atbegshi\atbegshi.sty"
Package: atbegshi 2019/12/05 v1.19 At begin shipout hook (HO)
)
\Hy@abspage=\count184
\c@Item=\count185
\c@Hfootnote=\count186
)
Package hyperref Info: Driver (autodetected): hpdftex.
 ("C:\Program Files\MiKTeX\tex/latex/hyperref\hpdftex.def"
File: hpdftex.def 2020-05-15 v7.00e Hyperref driver for pdfTeX
 ("C:\Program Files\MiKTeX\tex/latex/atveryend\atveryend.sty"
Package: atveryend 2019-12-11 v1.11 Hooks at the very end of document (HO)
Package atveryend Info: \enddocument detected (standard20110627).
)
\Fld@listcount=\count187
\c@bookmark@seq@number=\count188
 ("C:\Program Files\MiKTeX\tex/latex/rerunfilecheck\rerunfilecheck.sty"
Package: rerunfilecheck 2019/12/05 v1.9 Rerun checks for auxiliary files (HO)
 ("C:\Program Files\MiKTeX\tex/generic/uniquecounter\uniquecounter.sty"
Package: uniquecounter 2019/12/15 v1.4 Provide unlimited unique counter (HO)
)
Package uniquecounter Info: New unique counter `rerunfilecheck' on input line 286.
)
\Hy@SectionHShift=\skip50
) ("C:\Program Files\MiKTeX\tex/latex/amsmath\amsmath.sty"
Package: amsmath 2020/01/20 v2.17e AMS math features
\@mathmargin=\skip51

For additional information on amsmath, use the `?' option.
("C:\Program Files\MiKTeX\tex/latex/amsmath\amstext.sty"
Package: amstext 2000/06/29 v2.01 AMS text
 ("C:\Program Files\MiKTeX\tex/latex/amsmath\amsgen.sty"
File: amsgen.sty 1999/11/30 v2.0 generic functions
\@emptytoks=\toks20
\ex@=\dimen141
)) ("C:\Program Files\MiKTeX\tex/latex/amsmath\amsbsy.sty"
Package: amsbsy 1999/11/29 v1.2d Bold Symbols
\pmbraise@=\dimen142
) ("C:\Program Files\MiKTeX\tex/latex/amsmath\amsopn.sty"
Package: amsopn 2016/03/08 v2.02 operator names
)
\inf@bad=\count189
LaTeX Info: Redefining \frac on input line 227.
\uproot@=\count190
\leftroot@=\count191
LaTeX Info: Redefining \overline on input line 389.
\classnum@=\count192
\DOTSCASE@=\count193
LaTeX Info: Redefining \ldots on input line 486.
LaTeX Info: Redefining \dots on input line 489.
LaTeX Info: Redefining \cdots on input line 610.
\Mathstrutbox@=\box46
\strutbox@=\box47
\big@size=\dimen143
LaTeX Font Info:    Redeclaring font encoding OML on input line 733.
LaTeX Font Info:    Redeclaring font encoding OMS on input line 734.
\macc@depth=\count194
\c@MaxMatrixCols=\count195
\dotsspace@=\muskip17
\c@parentequation=\count196
\dspbrk@lvl=\count197
\tag@help=\toks21
\row@=\count198
\column@=\count199
\maxfields@=\count266
\andhelp@=\toks22
\eqnshift@=\dimen144
\alignsep@=\dimen145
\tagshift@=\dimen146
\tagwidth@=\dimen147
\totwidth@=\dimen148
\lineht@=\dimen149
\@envbody=\toks23
\multlinegap=\skip52
\multlinetaggap=\skip53
\mathdisplay@stack=\toks24
LaTeX Info: Redefining \[ on input line 2859.
LaTeX Info: Redefining \] on input line 2860.
) ("C:\Program Files\MiKTeX\tex/latex/amscls\amsthm.sty"
Package: amsthm 2020/05/29 v2.20.6
\thm@style=\toks25
\thm@bodyfont=\toks26
\thm@headfont=\toks27
\thm@notefont=\toks28
\thm@headpunct=\toks29
\thm@preskip=\skip54
\thm@postskip=\skip55
\thm@headsep=\skip56
\dth@everypar=\toks30
) ("C:\Program Files\MiKTeX\tex/latex/amsfonts\amssymb.sty"
Package: amssymb 2013/01/14 v3.01 AMS font symbols
 ("C:\Program Files\MiKTeX\tex/latex/amsfonts\amsfonts.sty"
Package: amsfonts 2013/01/14 v3.01 Basic AMSFonts support
\symAMSa=\mathgroup4
\symAMSb=\mathgroup5
LaTeX Font Info:    Redeclaring math symbol \hbar on input line 98.
LaTeX Font Info:    Overwriting math alphabet `\mathfrak' in version `bold'
(Font)                  U/euf/m/n --> U/euf/b/n on input line 106.
)) ("C:\Program Files\MiKTeX\tex/latex/lm\lmodern.sty"
Package: lmodern 2009/10/30 v1.6 Latin Modern Fonts
LaTeX Font Info:    Overwriting symbol font `operators' in version `normal'
(Font)                  OT1/cmr/m/n --> OT1/lmr/m/n on input line 22.
LaTeX Font Info:    Overwriting symbol font `letters' in version `normal'
(Font)                  OML/cmm/m/it --> OML/lmm/m/it on input line 23.
LaTeX Font Info:    Overwriting symbol font `symbols' in version `normal'
(Font)                  OMS/cmsy/m/n --> OMS/lmsy/m/n on input line 24.
LaTeX Font Info:    Overwriting symbol font `largesymbols' in version `normal'
(Font)                  OMX/cmex/m/n --> OMX/lmex/m/n on input line 25.
LaTeX Font Info:    Overwriting symbol font `operators' in version `bold'
(Font)                  OT1/cmr/bx/n --> OT1/lmr/bx/n on input line 26.
LaTeX Font Info:    Overwriting symbol font `letters' in version `bold'
(Font)                  OML/cmm/b/it --> OML/lmm/b/it on input line 27.
LaTeX Font Info:    Overwriting symbol font `symbols' in version `bold'
(Font)                  OMS/cmsy/b/n --> OMS/lmsy/b/n on input line 28.
LaTeX Font Info:    Overwriting symbol font `largesymbols' in version `bold'
(Font)                  OMX/cmex/m/n --> OMX/lmex/m/n on input line 29.
LaTeX Font Info:    Overwriting math alphabet `\mathbf' in version `normal'
(Font)                  OT1/cmr/bx/n --> OT1/lmr/bx/n on input line 31.
LaTeX Font Info:    Overwriting math alphabet `\mathsf' in version `normal'
(Font)                  OT1/cmss/m/n --> OT1/lmss/m/n on input line 32.
LaTeX Font Info:    Overwriting math alphabet `\mathit' in version `normal'
(Font)                  OT1/cmr/m/it --> OT1/lmr/m/it on input line 33.
LaTeX Font Info:    Overwriting math alphabet `\mathtt' in version `normal'
(Font)                  OT1/cmtt/m/n --> OT1/lmtt/m/n on input line 34.
LaTeX Font Info:    Overwriting math alphabet `\mathbf' in version `bold'
(Font)                  OT1/cmr/bx/n --> OT1/lmr/bx/n on input line 35.
LaTeX Font Info:    Overwriting math alphabet `\mathsf' in version `bold'
(Font)                  OT1/cmss/bx/n --> OT1/lmss/bx/n on input line 36.
LaTeX Font Info:    Overwriting math alphabet `\mathit' in version `bold'
(Font)                  OT1/cmr/bx/it --> OT1/lmr/bx/it on input line 37.
LaTeX Font Info:    Overwriting math alphabet `\mathtt' in version `bold'
(Font)                  OT1/cmtt/m/n --> OT1/lmtt/m/n on input line 38.
) ("C:\Program Files\MiKTeX\tex/latex/mathtools\mathtools.sty"
Package: mathtools 2020/03/24 v1.24 mathematical typesetting tools
 ("C:\Program Files\MiKTeX\tex/latex/tools\calc.sty"
Package: calc 2017/05/25 v4.3 Infix arithmetic (KKT,FJ)
\calc@Acount=\count267
\calc@Bcount=\count268
\calc@Adimen=\dimen150
\calc@Bdimen=\dimen151
\calc@Askip=\skip57
\calc@Bskip=\skip58
LaTeX Info: Redefining \setlength on input line 80.
LaTeX Info: Redefining \addtolength on input line 81.
\calc@Ccount=\count269
\calc@Cskip=\skip59
) ("C:\Program Files\MiKTeX\tex/latex/mathtools\mhsetup.sty"
Package: mhsetup 2017/03/31 v1.3 programming setup (MH)
)
LaTeX Info: Thecontrolsequence`\('isalreadyrobust on input line 130.
LaTeX Info: Thecontrolsequence`\)'isalreadyrobust on input line 130.
LaTeX Info: Thecontrolsequence`\['isalreadyrobust on input line 130.
LaTeX Info: Thecontrolsequence`\]'isalreadyrobust on input line 130.
\g_MT_multlinerow_int=\count270
\l_MT_multwidth_dim=\dimen152
\origjot=\skip60
\l_MT_shortvdotswithinadjustabove_dim=\dimen153
\l_MT_shortvdotswithinadjustbelow_dim=\dimen154
\l_MT_above_intertext_sep=\dimen155
\l_MT_below_intertext_sep=\dimen156
\l_MT_above_shortintertext_sep=\dimen157
\l_MT_below_shortintertext_sep=\dimen158
\xmathstrut@box=\box48
\xmathstrut@dim=\dimen159
) ("C:\Program Files\MiKTeX\tex/latex/graphics\graphicx.sty"
Package: graphicx 2019/11/30 v1.2a Enhanced LaTeX Graphics (DPC,SPQR)
 ("C:\Program Files\MiKTeX\tex/latex/graphics\graphics.sty"
Package: graphics 2019/11/30 v1.4a Standard LaTeX Graphics (DPC,SPQR)
 ("C:\Program Files\MiKTeX\tex/latex/graphics\trig.sty"
Package: trig 2016/01/03 v1.10 sin cos tan (DPC)
) ("C:\Program Files\MiKTeX\tex/latex/graphics-cfg\graphics.cfg"
File: graphics.cfg 2016/06/04 v1.11 sample graphics configuration
)
Package graphics Info: Driver file: pdftex.def on input line 105.
 ("C:\Program Files\MiKTeX\tex/latex/graphics-def\pdftex.def"
File: pdftex.def 2018/01/08 v1.0l Graphics/color driver for pdftex
))
\Gin@req@height=\dimen160
\Gin@req@width=\dimen161
) ("C:\Program Files\MiKTeX\tex/latex/float\float.sty"
Package: float 2001/11/08 v1.3d Float enhancements (AL)
\c@float@type=\count271
\float@exts=\toks31
\float@box=\box49
\@float@everytoks=\toks32
\@floatcapt=\box50
) ("C:\Program Files\MiKTeX\tex/latex/l3backend\l3backend-pdfmode.def"
File: l3backend-pdfmode.def 2020-06-29 L3 backend support: PDF mode
\l__kernel_color_stack_int=\count272
\l__pdf_internal_box=\box51
) ("c:/Users\matej\OneDrive\Namizje\projekt mm\porocilo\porocilo.aux")
\openout1 = `porocilo.aux'.

LaTeX Font Info:    Checking defaults for OML/cmm/m/it on input line 18.
LaTeX Font Info:    ... okay on input line 18.
LaTeX Font Info:    Checking defaults for OMS/cmsy/m/n on input line 18.
LaTeX Font Info:    ... okay on input line 18.
LaTeX Font Info:    Checking defaults for OT1/cmr/m/n on input line 18.
LaTeX Font Info:    ... okay on input line 18.
LaTeX Font Info:    Checking defaults for T1/cmr/m/n on input line 18.
LaTeX Font Info:    ... okay on input line 18.
LaTeX Font Info:    Checking defaults for TS1/cmr/m/n on input line 18.
LaTeX Font Info:    ... okay on input line 18.
LaTeX Font Info:    Checking defaults for OMX/cmex/m/n on input line 18.
LaTeX Font Info:    ... okay on input line 18.
LaTeX Font Info:    Checking defaults for U/cmr/m/n on input line 18.
LaTeX Font Info:    ... okay on input line 18.
LaTeX Font Info:    Checking defaults for PD1/pdf/m/n on input line 18.
LaTeX Font Info:    ... okay on input line 18.
LaTeX Font Info:    Trying to load font information for T1+lmr on input line 18.
 ("C:\Program Files\MiKTeX\tex/latex/lm\t1lmr.fd"
File: t1lmr.fd 2009/10/30 v1.6 Font defs for Latin Modern
)
\AtBeginShipoutBox=\box52
Package hyperref Info: Link coloring OFF on input line 18.
 ("C:\Program Files\MiKTeX\tex/latex/hyperref\nameref.sty"
Package: nameref 2019/09/16 v2.46 Cross-referencing by name of section
 ("C:\Program Files\MiKTeX\tex/latex/refcount\refcount.sty"
Package: refcount 2019/12/15 v3.6 Data extraction from label references (HO)
) ("C:\Program Files\MiKTeX\tex/generic/gettitlestring\gettitlestring.sty"
Package: gettitlestring 2019/12/15 v1.6 Cleanup title references (HO)
)
\c@section@level=\count273
)
LaTeX Info: Redefining \ref on input line 18.
LaTeX Info: Redefining \pageref on input line 18.
LaTeX Info: Redefining \nameref on input line 18.
 ("c:/Users\matej\OneDrive\Namizje\projekt mm\porocilo\porocilo.out") ("c:/Users\matej\OneDrive\Namizje\projekt mm\porocilo\porocilo.out")
\@outlinefile=\write3
\openout3 = `porocilo.out'.

 ("C:\Program Files\MiKTeX\tex/context/base/mkii\supp-pdf.mkii"
[Loading MPS to PDF converter (version 2006.09.02).]
\scratchcounter=\count274
\scratchdimen=\dimen162
\scratchbox=\box53
\nofMPsegments=\count275
\nofMParguments=\count276
\everyMPshowfont=\toks33
\MPscratchCnt=\count277
\MPscratchDim=\dimen163
\MPnumerator=\count278
\makeMPintoPDFobject=\count279
\everyMPtoPDFconversion=\toks34
) ("C:\Program Files\MiKTeX\tex/latex/epstopdf-pkg\epstopdf-base.sty"
Package: epstopdf-base 2020-01-24 v2.11 Base part for package epstopdf
Package epstopdf-base Info: Redefining graphics rule for `.eps' on input line 485.
)
LaTeX Font Info:    Trying to load font information for OT1+lmr on input line 29.
 ("C:\Program Files\MiKTeX\tex/latex/lm\ot1lmr.fd"
File: ot1lmr.fd 2009/10/30 v1.6 Font defs for Latin Modern
)
LaTeX Font Info:    Trying to load font information for OML+lmm on input line 29.
 ("C:\Program Files\MiKTeX\tex/latex/lm\omllmm.fd"
File: omllmm.fd 2009/10/30 v1.6 Font defs for Latin Modern
)
LaTeX Font Info:    Trying to load font information for OMS+lmsy on input line 29.
 ("C:\Program Files\MiKTeX\tex/latex/lm\omslmsy.fd"
File: omslmsy.fd 2009/10/30 v1.6 Font defs for Latin Modern
)
LaTeX Font Info:    Trying to load font information for OMX+lmex on input line 29.
 ("C:\Program Files\MiKTeX\tex/latex/lm\omxlmex.fd"
File: omxlmex.fd 2009/10/30 v1.6 Font defs for Latin Modern
)
LaTeX Font Info:    External font `lmex10' loaded for size
(Font)              <12> on input line 29.
LaTeX Font Info:    External font `lmex10' loaded for size
(Font)              <8> on input line 29.
LaTeX Font Info:    External font `lmex10' loaded for size
(Font)              <6> on input line 29.
LaTeX Font Info:    Trying to load font information for U+msa on input line 29.
 ("C:\Program Files\MiKTeX\tex/latex/amsfonts\umsa.fd"
File: umsa.fd 2013/01/14 v3.01 AMS symbols A
)
LaTeX Font Info:    Trying to load font information for U+msb on input line 29.
 ("C:\Program Files\MiKTeX\tex/latex/amsfonts\umsb.fd"
File: umsb.fd 2013/01/14 v3.01 AMS symbols B
)
LaTeX Font Info:    External font `lmex10' loaded for size
(Font)              <10> on input line 39.
LaTeX Font Info:    External font `lmex10' loaded for size
(Font)              <7> on input line 39.
LaTeX Font Info:    External font `lmex10' loaded for size
(Font)              <5> on input line 39.
 [1

{C:/Users/matej/AppData/Local/MiKTeX/pdftex/config/pdftex.map}] [2]

Package hyperref Warning: Composite letter `\textasciicaron+c'
(hyperref)                not defined in PD1 encoding,
(hyperref)                removing `\textasciicaron' on input line 120.


Package hyperref Warning: Composite letter `\textasciicaron+c'
(hyperref)                not defined in PD1 encoding,
(hyperref)                removing `\textasciicaron' on input line 120.

[3]
<disk_ver.png, id=52, 721.19438pt x 689.57625pt>
File: disk_ver.png Graphic file (type png)
<use disk_ver.png>
Package pdftex.def Info: disk_ver.png  used on input line 155.
(pdftex.def)             Requested size: 350.0pt x 334.65451pt.

Overfull \hbox (5.0pt too wide) in paragraph at lines 155--156
 [] 
 []


Overfull \hbox (24.12737pt too wide) in paragraph at lines 160--161
[]\T1/lmr/m/n/10 Bralec si lahko kodo za iz-ris ogleda v da-to-teki $\OML/lmm/m/it/10 risi[]liha[]simetricna[]veriznica:m$
 []


Overfull \hbox (26.78206pt too wide) in paragraph at lines 160--161
\T1/lmr/m/n/10 in spre-meni vho-dne po-datke pro-blema v da-to-teki $\OML/lmm/m/it/10 test[]liha[]simetricna[]disk[]ver:m$\T1/lmr/m/n/10 . 
 []

[4pdfTeX warning (ext4): destination with the same identifier (name{figure.1}) has been already used, duplicate ignored

\AtBegShi@Output ...ipout \box \AtBeginShipoutBox 
                                                  \fi \fi 
l.163 
       <c:/Users/matej/OneDrive/Namizje/projekt mm/porocilo/disk_ver.png (PNG copy)>]
Underfull \hbox (badness 10000) in paragraph at lines 212--234

 []


Underfull \hbox (badness 10000) in paragraph at lines 212--234

 []


Underfull \hbox (badness 10000) in paragraph at lines 212--234

 []

[5]
<odboji.png, id=62, 721.19438pt x 689.57625pt>
File: odboji.png Graphic file (type png)
<use odboji.png>
Package pdftex.def Info: odboji.png  used on input line 237.
(pdftex.def)             Requested size: 300.0pt x 286.84221pt.
<odboji_vec.png, id=63, 721.19438pt x 689.57625pt>
File: odboji_vec.png Graphic file (type png)
<use odboji_vec.png>
Package pdftex.def Info: odboji_vec.png  used on input line 246.
(pdftex.def)             Requested size: 320.0pt x 305.97134pt.
 [6pdfTeX warning (ext4): destination with the same identifier (name{figure.2}) has been already used, duplicate ignored

\AtBegShi@Output ...ipout \box \AtBeginShipoutBox 
                                                  \fi \fi 
l.249 \end{figure}
                   <c:/Users/matej/OneDrive/Namizje/projekt mm/porocilo/odboji.png (PNG copy)>]
Overfull \hbox (43.00272pt too wide) in paragraph at lines 251--252
[]\T1/lmr/m/n/10 Bralec si kodo za ani-ma-cijo in iz-ris lahko ogleda v da-to-teki $\OML/lmm/m/it/10 risi[]odboji[]gravitacija:m$\T1/lmr/m/n/10 ,
 []

LaTeX Font Info:    Trying to load font information for T1+lmtt on input line 256.
("C:\Program Files\MiKTeX\tex/latex/lm\t1lmtt.fd"
File: t1lmtt.fd 2009/10/30 v1.6 Font defs for Latin Modern
)
Underfull \hbox (badness 2608) in paragraph at lines 256--257
[]\T1/lmr/m/n/10 E. Za-kraj-²ek, \T1/lmr/m/it/10 Ve-ri-ºnica\T1/lmr/m/n/10 , [ogled 30. 6. 2023], do-sto-pno na []$\T1/lmtt/m/n/10 https :
 []


Underfull \hbox (badness 10000) in paragraph at lines 256--257
\T1/lmtt/m/n/10 / / ucilnica . fmf . uni-[]lj . si / pluginfile . php / 8283 / mod _ resource /
 []

Package atveryend Info: Empty hook `BeforeClearDocument' on input line 261.
[7pdfTeX warning (ext4): destination with the same identifier (name{figure.3}) has been already used, duplicate ignored

\AtBegShi@Output ...ipout \box \AtBeginShipoutBox 
                                                  \fi \fi 
l.261 \end{document}
                     <c:/Users/matej/OneDrive/Namizje/projekt mm/porocilo/odboji_vec.png (PNG copy)>]
Package atveryend Info: Empty hook `AfterLastShipout' on input line 261.
 ("c:/Users\matej\OneDrive\Namizje\projekt mm\porocilo\porocilo.aux")
Package atveryend Info: Executing hook `AtVeryEndDocument' on input line 261.
Package atveryend Info: Executing hook `AtEndAfterFileList' on input line 261.
Package rerunfilecheck Info: File `porocilo.out' has not changed.
(rerunfilecheck)             Checksum: 34AD389E61F3E7B67BA3CC1D68D0EF4C;269.
Package atveryend Info: Empty hook `AtVeryVeryEnd' on input line 261.
 ) 
Here is how much of TeX's memory you used:
 8416 strings out of 480790
 124507 string characters out of 2907055
 406756 words of memory out of 3000000
 24218 multiletter control sequences out of 15000+200000
 582948 words of font info for 65 fonts, out of 3000000 for 9000
 1141 hyphenation exceptions out of 8191
 37i,9n,31p,462b,370s stack positions out of 5000i,500n,10000p,200000b,50000s
{C:/Program Files/MiKTeX/fonts/enc/dvips/lm/lm-ec.enc}{C:/Program Files/MiKTeX/fonts/enc/dvips/lm/lm-mathit.enc}{C:/Program Files/MiKTeX/fonts/enc/dvips/lm/lm-rm.enc}{C:/Program Files/MiKTeX/fonts/enc/dvips/lm/lm-mathsy.enc}{C:/Program Files/MiKTeX/fonts/enc/dvips/lm/lm-mathex.enc}<C:/Program Files/MiKTeX/fonts/type1/public/lm/lmbx12.pfb><C:/Program Files/MiKTeX/fonts/type1/public/lm/lmex10.pfb><C:/Program Files/MiKTeX/fonts/type1/public/lm/lmmi10.pfb><C:/Program Files/MiKTeX/fonts/type1/public/lm/lmmi5.pfb><C:/Program Files/MiKTeX/fonts/type1/public/lm/lmmi7.pfb><C:/Program Files/MiKTeX/fonts/type1/public/lm/lmr10.pfb><C:/Program Files/MiKTeX/fonts/type1/public/lm/lmr12.pfb><C:/Program Files/MiKTeX/fonts/type1/public/lm/lmr17.pfb><C:/Program Files/MiKTeX/fonts/type1/public/lm/lmr5.pfb><C:/Program Files/MiKTeX/fonts/type1/public/lm/lmr7.pfb><C:/Program Files/MiKTeX/fonts/type1/public/lm/lmri10.pfb><C:/Program Files/MiKTeX/fonts/type1/public/lm/lmsy10.pfb><C:/Program Files/MiKTeX/fonts/type1/public/lm/lmsy7.pfb><C:/Program Files/MiKTeX/fonts/type1/public/lm/lmtt10.pfb>
Output written on "c:/Users\matej\OneDrive\Namizje\projekt mm\porocilo\porocilo.pdf" (7 pages, 381767 bytes).
PDF statistics:
 141 PDF objects out of 1000 (max. 8388607)
 20 named destinations out of 1000 (max. 500000)
 48 words of extra memory for PDF output out of 10000 (max. 10000000)

